<?xml version="1.0" encoding="UTF-8"?>
<testsuite xmlns:xsi="http://www.w3.org/2001/XMLSchema-instance" xsi:noNamespaceSchemaLocation="https://maven.apache.org/surefire/maven-surefire-plugin/xsd/surefire-test-report-3.0.xsd" version="3.0" name="UserServiceTest" time="3.818" tests="6" errors="0" skipped="0" failures="0">
  <properties>
[...]
</properties>
  <testcase name="saveUser" classname="UserServiceTest" time="3.357">
    <system-out><![CDATA[Connection ESTABLISHED
]]></system-out>
  </testcase>
  <testcase name="removeUserById" classname="UserServiceTest" time="0.155">
    <system-out><![CDATA[Connection ESTABLISHED
]]></system-out>
  </testcase>
  <testcase name="getAllUsers" classname="UserServiceTest" time="0.066">
    <system-out><![CDATA[Connection ESTABLISHED
]]></system-out>
  </testcase>
  <testcase name="dropUsersTable" classname="UserServiceTest" time="0.037">
    <system-out><![CDATA[Connection ESTABLISHED
]]></system-out>
  </testcase>
  <testcase name="createUsersTable" classname="UserServiceTest" time="0.047">
    <system-out><![CDATA[Connection ESTABLISHED
]]></system-out>
  </testcase>
  <testcase name="cleanUsersTable" classname="UserServiceTest" time="0.067">
    <system-out><![CDATA[Connection ESTABLISHED
]]></system-out>
  </testcase>
</testsuite>